<?xml version="1.0" encoding="UTF-8"?>
<testng-results ignored="0" total="1" passed="1" failed="0" skipped="0">
  <reporter-output>
  </reporter-output>
  <suite started-at="2022-02-22T11:05:36 IST" name="Default suite" finished-at="2022-02-22T11:06:51 IST" duration-ms="74949">
    <groups>
      <group name="cucumber">
        <method signature="AbstractTestNGCucumberTests.runScenario(io.cucumber.testng.PickleWrapper,io.cucumber.testng.FeatureWrapper)[pri:0, instance:MyRunner.Runner@2a798d51]" name="runScenario" class="io.cucumber.testng.AbstractTestNGCucumberTests"/>
      </group> <!-- cucumber -->
    </groups>
    <test started-at="2022-02-22T11:05:36 IST" name="Default test" finished-at="2022-02-22T11:06:51 IST" duration-ms="74949">
      <class name="MyRunner.Runner">
        <test-method is-config="true" signature="setUpClass(org.testng.ITestContext)[pri:0, instance:MyRunner.Runner@2a798d51]" started-at="2022-02-22T11:05:36 IST" name="setUpClass" finished-at="2022-02-22T11:05:37 IST" duration-ms="430" status="PASS">
          <params>
            <param index="0">
              <value>
                <![CDATA[org.testng.TestRunner@62d73ead]]>
              </value>
            </param>
          </params>
          <reporter-output>
          </reporter-output>
        </test-method> <!-- setUpClass -->
        <test-method signature="runScenario(io.cucumber.testng.PickleWrapper,io.cucumber.testng.FeatureWrapper)[pri:0, instance:MyRunner.Runner@2a798d51]" started-at="2022-02-22T11:05:37 IST" name="runScenario" description="Runs Cucumber Scenarios" data-provider="scenarios" finished-at="2022-02-22T11:06:51 IST" duration-ms="74419" status="PASS">
          <params>
            <param index="0">
              <value>
                <![CDATA["Testing the login feature with valid data"]]>
              </value>
            </param>
            <param index="1">
              <value>
                <![CDATA["Optional[Testing the Login Feature of Active Time Application]"]]>
              </value>
            </param>
          </params>
          <reporter-output>
          </reporter-output>
        </test-method> <!-- runScenario -->
        <test-method is-config="true" signature="tearDownClass()[pri:0, instance:MyRunner.Runner@2a798d51]" started-at="2022-02-22T11:06:51 IST" name="tearDownClass" finished-at="2022-02-22T11:06:51 IST" duration-ms="65" status="PASS">
          <reporter-output>
          </reporter-output>
        </test-method> <!-- tearDownClass -->
      </class> <!-- MyRunner.Runner -->
    </test> <!-- Default test -->
  </suite> <!-- Default suite -->
</testng-results>
