<?xml version="1.0" encoding="UTF-8"?>
<!-- Generated by org.testng.reporters.JUnitReportReporter -->
<testsuite hostname="TGL193" failures="0" tests="1" name="MyRunner.AmazonRunner" time="0.074" errors="1" timestamp="2022-02-20T12:56:06 IST" skipped="0">
  <testcase classname="MyRunner.AmazonRunner" name="runScenario" time="0.074">
    <error message="TODO: implement me" type="io.cucumber.java.PendingException">
      <![CDATA[io.cucumber.java.PendingException: TODO: implement me
at AmazonStepDefinitions.Tester.the_browser_is_launched(Tester.java:19)
at ✽.The browser is launched(file:///C:/Users/TG1670/OneDrive/Desktop/DemoBDDCucumberFramework/../DemoBDDCucumberFramework/src/test/java/Feature/AmazonLoginFeature.feature:4)
]]>
    </error>
  </testcase> <!-- runScenario -->
  <system-out/>
</testsuite> <!-- MyRunner.AmazonRunner -->
